Using pre-set license
Built from '2020.3/staging' branch; Version is '2020.3.6f1 (338bb68529b2) revision 3378102'; Using compiler version '192528614'; Build Type 'Release'
OS: 'Windows 10 Home; OS build 19042.1052; Version 2009; 64bit' Language: 'de' Physical Memory: 8043 MB
BatchMode: 1, IsHumanControllingUs: 0, StartBugReporterOnCrash: 0, Is64bit: 1, IsPro: 0

 COMMAND LINE ARGUMENTS:
C:\Program Files\Unity\Hub\Editor\2020.3.6f1\Editor\Unity.exe
-adb2
-batchMode
-noUpm
-name
AssetImportWorker6
-projectPath
C:/Users/Sina/Documents/Uni/4. Semester/Teamprojekt/ClimateMuseum_030521
-logFile
Logs/AssetImportWorker6.log
-srvPort
54760
Successfully changed project path to: C:/Users/Sina/Documents/Uni/4. Semester/Teamprojekt/ClimateMuseum_030521
C:/Users/Sina/Documents/Uni/4. Semester/Teamprojekt/ClimateMuseum_030521
Using Asset Import Pipeline V2.
Refreshing native plugins compatible for Editor in 288.81 ms, found 0 plugins.
Preloading 0 native plugins for Editor in 0.00 ms.
Initialize engine version: 2020.3.6f1 (338bb68529b2)
[Subsystems] Discovering subsystems at path C:/Program Files/Unity/Hub/Editor/2020.3.6f1/Editor/Data/Resources/UnitySubsystems
[Subsystems] Discovering subsystems at path C:/Users/Sina/Documents/Uni/4. Semester/Teamprojekt/ClimateMuseum_030521/Assets
GfxDevice: creating device client; threaded=0
Direct3D:
    Version:  Direct3D 11.0 [level 11.1]
    Renderer: Intel(R) HD Graphics 515 (ID=0x191e)
    Vendor:   
    VRAM:     4021 MB
    Driver:   26.20.100.7986
Initialize mono
Mono path[0] = 'C:/Program Files/Unity/Hub/Editor/2020.3.6f1/Editor/Data/Managed'
Mono path[1] = 'C:/Program Files/Unity/Hub/Editor/2020.3.6f1/Editor/Data/MonoBleedingEdge/lib/mono/unityjit'
Mono config path = 'C:/Program Files/Unity/Hub/Editor/2020.3.6f1/Editor/Data/MonoBleedingEdge/etc'
Using monoOptions --debugger-agent=transport=dt_socket,embedding=1,server=y,suspend=n,address=127.0.0.1:56872
Begin MonoManager ReloadAssembly
Registering precompiled unity dll's ...
Register platform support module: C:/Program Files/Unity/Hub/Editor/2020.3.6f1/Editor/Data/PlaybackEngines/WebGLSupport/UnityEditor.WebGL.Extensions.dll
Register platform support module: C:/Program Files/Unity/Hub/Editor/2020.3.6f1/Editor/Data/PlaybackEngines/WindowsStandaloneSupport/UnityEditor.WindowsStandalone.Extensions.dll
Registered in 0.018637 seconds.
Native extension for WindowsStandalone target not found
Native extension for WebGL target not found
Refreshing native plugins compatible for Editor in 311.22 ms, found 0 plugins.
Preloading 0 native plugins for Editor in 0.00 ms.
Unable to find bridge dll in registry for Microsoft Visual Studio Tools for Unity for C:\Program Files (x86)\Microsoft Visual Studio\2019\Community\Common7\IDE\devenv.exe
Mono: successfully reloaded assembly
- Completed reload, in 12.262 seconds
Platform modules already initialized, skipping
Registering precompiled user dll's ...
Registered in 0.018876 seconds.
Begin MonoManager ReloadAssembly
Native extension for WindowsStandalone target not found
Native extension for WebGL target not found
Refreshing native plugins compatible for Editor in 1.06 ms, found 0 plugins.
Preloading 0 native plugins for Editor in 0.00 ms.
Mono: successfully reloaded assembly
- Completed reload, in  4.692 seconds
Platform modules already initialized, skipping
========================================================================
Worker process is ready to serve import requests
Launched and connected shader compiler UnityShaderCompiler.exe after 0.29 seconds
Refreshing native plugins compatible for Editor in 1.35 ms, found 0 plugins.
Preloading 0 native plugins for Editor in 0.00 ms.
Unloading 1181 Unused Serialized files (Serialized files now loaded: 0)
System memory in use before: 84.5 MB.
System memory in use after: 84.6 MB.

Unloading 8 unused Assets to reduce memory usage. Loaded Objects now: 1668.
Total: 4.514800 ms (FindLiveObjects: 0.516800 ms CreateObjectMapping: 0.178200 ms MarkObjects: 3.769600 ms  DeleteObjects: 0.044300 ms)

========================================================================
Received Import Request.
  path: Assets/Scripts/Afforestation/EventListener.cs
  artifactKey: Guid(ad4f18787662cdb40a2e4fecb2679ffe) Importer(815301076,1909f56bfc062723c751e8b465ee728b)
Start importing Assets/Scripts/Afforestation/EventListener.cs using Guid(ad4f18787662cdb40a2e4fecb2679ffe) Importer(815301076,1909f56bfc062723c751e8b465ee728b)  -> (artifact id: 'ee4e95030512d53f0bb55cd57e33cda3') in 0.209081 seconds
  Import took 0.259174 seconds .

========================================================================
Received Prepare
Refreshing native plugins compatible for Editor in 1.87 ms, found 0 plugins.
Preloading 0 native plugins for Editor in 0.00 ms.
Unloading 3 Unused Serialized files (Serialized files now loaded: 0)
System memory in use before: 60.2 MB.
System memory in use after: 60.3 MB.

Unloading 2 unused Assets to reduce memory usage. Loaded Objects now: 1668.
Total: 4.493800 ms (FindLiveObjects: 0.345800 ms CreateObjectMapping: 0.100300 ms MarkObjects: 4.026400 ms  DeleteObjects: 0.019600 ms)

========================================================================
Received Import Request.
  Time since last request: 100.838324 seconds.
  path: Assets/Scripts/Afforestation/GrowCollision.cs
  artifactKey: Guid(d3a96668ff704a34ea233ce902e17f53) Importer(815301076,1909f56bfc062723c751e8b465ee728b)
Start importing Assets/Scripts/Afforestation/GrowCollision.cs using Guid(d3a96668ff704a34ea233ce902e17f53) Importer(815301076,1909f56bfc062723c751e8b465ee728b)  -> (artifact id: '790b3e6e92d7b8201b86a70148e1f829') in 0.067047 seconds
  Import took 0.085275 seconds .

========================================================================
Received Import Request.
  Time since last request: 16.597985 seconds.
  path: Assets/Scripts/Afforestation/MouseClickController.cs
  artifactKey: Guid(4cddb96c681a8fe449546a81b9d10e25) Importer(815301076,1909f56bfc062723c751e8b465ee728b)
Start importing Assets/Scripts/Afforestation/MouseClickController.cs using Guid(4cddb96c681a8fe449546a81b9d10e25) Importer(815301076,1909f56bfc062723c751e8b465ee728b)  -> (artifact id: 'b8525142533b04441f7abb0f845b5dce') in 0.069741 seconds
  Import took 0.083663 seconds .

========================================================================
Received Prepare
Registering precompiled user dll's ...
Registered in 0.006261 seconds.
Begin MonoManager ReloadAssembly
Native extension for WindowsStandalone target not found
Native extension for WebGL target not found
Refreshing native plugins compatible for Editor in 0.62 ms, found 0 plugins.
Preloading 0 native plugins for Editor in 0.00 ms.
Mono: successfully reloaded assembly
- Completed reload, in  2.013 seconds
Platform modules already initialized, skipping
Refreshing native plugins compatible for Editor in 0.57 ms, found 0 plugins.
Preloading 0 native plugins for Editor in 0.00 ms.
Unloading 1165 Unused Serialized files (Serialized files now loaded: 0)
System memory in use before: 83.4 MB.
System memory in use after: 83.5 MB.

Unloading 4 unused Assets to reduce memory usage. Loaded Objects now: 1671.
Total: 13.314300 ms (FindLiveObjects: 0.258600 ms CreateObjectMapping: 0.063100 ms MarkObjects: 12.962500 ms  DeleteObjects: 0.023700 ms)

AssetImportWorkerClient::OnTransportError - code=2 error=End of file
